#
# A fatal error has been detected by the Java Runtime Environment:
#
#  EXCEPTION_ACCESS_VIOLATION (0xc0000005) at pc=0x00007ffd64bd61ad, pid=5596, tid=304
#
# JRE version: Java(TM) SE Runtime Environment (11.0.2+9) (build 11.0.2+9-LTS)
# Java VM: Java HotSpot(TM) 64-Bit Server VM (11.0.2+9-LTS, mixed mode, tiered, compressed oops, parallel gc, windows-amd64)
# Problematic frame:
# V  [jvm.dll+0x6161ad]
#
# No core dump will be written. Minidumps are not enabled by default on client versions of Windows
#
# If you would like to submit a bug report, please visit:
#   http://bugreport.java.com/bugreport/crash.jsp
#

---------------  S U M M A R Y ------------

Command Line: --add-modules=ALL-SYSTEM --add-opens=java.base/java.util=ALL-UNNAMED --add-opens=java.base/java.lang=ALL-UNNAMED -Declipse.application=org.eclipse.jdt.ls.core.id1 -Dosgi.bundles.defaultStartLevel=4 -Declipse.product=org.eclipse.jdt.ls.core.product -Dfile.encoding=utf8 -DwatchParentProcess=false -XX:+UseParallelGC -XX:GCTimeRatio=4 -XX:AdaptiveSizePolicyWeight=90 -Dsun.zip.disableMemoryMapping=true -Xmx1G -Xms100m -Xverify:none c:\Users\Jason\.vscode\extensions\redhat.java-0.61.0\server\plugins\org.eclipse.equinox.launcher_1.5.700.v20200207-2156.jar -configuration c:\Users\Jason\AppData\Roaming\Code\User\globalStorage\redhat.java\0.61.0\config_win -data c:\Users\Jason\AppData\Roaming\Code\User\workspaceStorage\ca3fac3ec1043214c3dfc7553fdb236d\redhat.java\jdt_ws

Host: Intel(R) Core(TM) i3-2310M CPU @ 2.10GHz, 4 cores, 5G,  Windows 10 , 64 bit Build 18362 (10.0.18362.778)
Time: Wed May  6 21:09:46 2020 GMT elapsed time: 17728 seconds (0d 4h 55m 28s)

---------------  T H R E A D  ---------------

Current thread (0x0000022fbcdd2000):  JavaThread "C2 CompilerThread0" daemon [_thread_in_native, id=304, stack(0x0000004240600000,0x0000004240700000)]


Current CompileTask:
C2:17728492 21209       4       org.eclipse.jdt.internal.compiler.lookup.PackageBinding::getTypeOrPackage (368 bytes)

Stack: [0x0000004240600000,0x0000004240700000],  sp=0x00000042406fafb0,  free space=1003k
Native frames: (J=compiled Java code, j=interpreted, Vv=VM code, C=native code)
V  [jvm.dll+0x6161ad]
V  [jvm.dll+0x6048d9]
V  [jvm.dll+0x55361f]
V  [jvm.dll+0x553308]
V  [jvm.dll+0x5526de]
V  [jvm.dll+0x21a38f]
V  [jvm.dll+0x2172c6]
V  [jvm.dll+0x194200]
V  [jvm.dll+0x2263af]
V  [jvm.dll+0x2249b8]
V  [jvm.dll+0x738a9d]
V  [jvm.dll+0x6347f2]
C  [ucrtbase.dll+0x20e72]
C  [KERNEL32.DLL+0x17bd4]
C  [ntdll.dll+0x6ce51]


siginfo: EXCEPTION_ACCESS_VIOLATION (0xc0000005), reading address 0x00000200cfec4a40


Register to memory mapping:

RIP=0x00007ffd64bd61ad jvm.dll
RAX=0x0000022fcfec4a20 points into unknown readable memory: 40 4a ec cf 2f 02 00 00
RBX=0x0 is NULL
RCX=0x00000200cfec4a40 is an unknown value
RDX=0x0 is NULL
RSP=0x00000042406fafb0 is pointing into the stack for thread: 0x0000022fbcdd2000
RBP=0x0 is NULL
RSI=0x0000022fcfec4790 points into unknown readable memory: 80 14 e0 64 fd 7f 00 00
RDI=0x00000200cfec4a40 is an unknown value
R8 =0x0000022fcfec47e0 points into unknown readable memory: 08 ec 85 c1 2f 02 00 00
R9 =0xfefeff6f6071735e is an unknown value
R10=0xfefefefefefefeff is an unknown value
R11=0x8080808080808080 is an unknown value
R12=0x00000042406fb100 is pointing into the stack for thread: 0x0000022fbcdd2000
R13=0x00000042406fb0e0 is pointing into the stack for thread: 0x0000022fbcdd2000
R14=0x0000022fc2bd0458 points into unknown readable memory: f8 ae df 64 fd 7f 00 00
R15=0x0000022fbf38bec0 points into unknown readable memory: 80 14 e0 64 fd 7f 00 00


Registers:
RAX=0x0000022fcfec4a20, RBX=0x0000000000000000, RCX=0x00000200cfec4a40, RDX=0x0000000000000000
RSP=0x00000042406fafb0, RBP=0x0000000000000000, RSI=0x0000022fcfec4790, RDI=0x00000200cfec4a40
R8 =0x0000022fcfec47e0, R9 =0xfefeff6f6071735e, R10=0xfefefefefefefeff, R11=0x8080808080808080
R12=0x00000042406fb100, R13=0x00000042406fb0e0, R14=0x0000022fc2bd0458, R15=0x0000022fbf38bec0
RIP=0x00007ffd64bd61ad, EFLAGS=0x0000000000010202

Top of Stack: (sp=0x00000042406fafb0)
0x00000042406fafb0:   0000022fbf38bec0 0000022fbcdc6510
0x00000042406fafc0:   0000022fbcdc6510 00007ffd00000100
0x00000042406fafd0:   0000000000000000 00007ffd64bc48d9
0x00000042406fafe0:   0000022fcfec4790 0000022fd048c490
0x00000042406faff0:   0000000000000000 00000042406fb100
0x00000042406fb000:   00000042406fc0e0 00007ffd64b1361f
0x00000042406fb010:   0000022fcfec4da0 0000022fcfec4da0
0x00000042406fb020:   0000022fcfec5588 000000000000083c
0x00000042406fb030:   0000022fc2bd0458 0000000000000001
0x00000042406fb040:   00000042406fb170 00007ffd64b13308
0x00000042406fb050:   0000022fc2bd05b0 000000000000000b
0x00000042406fb060:   0000000000000872 000000000000000c
0x00000042406fb070:   0000022fbcdb4898 00007ffd64c22eff
0x00000042406fb080:   0000000000000000 0000022fbcdb4898
0x00000042406fb090:   00000042406fc0e0 00000042406fb1c0
0x00000042406fb0a0:   000000000000000c 0000000000000000 

Instructions: (pc=0x00007ffd64bd61ad)
0x00007ffd64bd618d:   24 18 57 48 83 ec 20 33 ed 48 8b f1 8b dd 39 59
0x00007ffd64bd619d:   20 76 2b 48 8b 46 10 8b d3 48 8b 3c d0 48 8b cf
0x00007ffd64bd61ad:   48 8b 07 ff 50 10 84 c0 74 0d 48 3b fe 74 08 48
0x00007ffd64bd61bd:   85 ed 75 22 48 8b ef ff c3 3b 5e 20 72 d5 48 8b 


Stack slot to memory mapping:
stack at sp + 0 slots: 0x0000022fbf38bec0 points into unknown readable memory: 80 14 e0 64 fd 7f 00 00
stack at sp + 1 slots: 0x0000022fbcdc6510 points into unknown readable memory: 06 00 00 00 00 00 00 00
stack at sp + 2 slots: 0x0000022fbcdc6510 points into unknown readable memory: 06 00 00 00 00 00 00 00
stack at sp + 3 slots: 0x00007ffd00000100 is an unknown value
stack at sp + 4 slots: 0x0 is NULL
stack at sp + 5 slots: 0x00007ffd64bc48d9 jvm.dll
stack at sp + 6 slots: 0x0000022fcfec4790 points into unknown readable memory: 80 14 e0 64 fd 7f 00 00
stack at sp + 7 slots: 0x0000022fd048c490 points into unknown readable memory: 00 00 00 00 00 00 00 00


---------------  P R O C E S S  ---------------

Threads class SMR info:
_java_thread_list=0x0000022fd1235c70, length=36, elements={
0x0000022fa11a1000, 0x0000022fbcdb3800, 0x0000022fbcdc0800, 0x0000022fbdfa2800,
0x0000022fbdfa3800, 0x0000022fbcdd2000, 0x0000022fbcdd4800, 0x0000022fbcdda000,
0x0000022fbe0cb800, 0x0000022fbe204800, 0x0000022fbf123800, 0x0000022fbf0cd000,
0x0000022fbf0c4000, 0x0000022fbf696800, 0x0000022fbf120800, 0x0000022fbe6fa000,
0x0000022fbe3fb000, 0x0000022fbe3f8000, 0x0000022fc162f000, 0x0000022fc1631000,
0x0000022fc1630800, 0x0000022fc1635800, 0x0000022fc162f800, 0x0000022fc163a000,
0x0000022fc1638000, 0x0000022fc163c000, 0x0000022fc1636000, 0x0000022fc1639800,
0x0000022fc163c800, 0x0000022fbe3f8800, 0x0000022fbe3f7000, 0x0000022fbe3f9800,
0x0000022fbe3fa000, 0x0000022fc1632000, 0x0000022fc1638800, 0x0000022fa1065000
}

Java Threads: ( => current thread )
  0x0000022fa11a1000 JavaThread "main" [_thread_blocked, id=3268, stack(0x000000423ff00000,0x0000004240000000)]
  0x0000022fbcdb3800 JavaThread "Reference Handler" daemon [_thread_blocked, id=12116, stack(0x0000004240200000,0x0000004240300000)]
  0x0000022fbcdc0800 JavaThread "Finalizer" daemon [_thread_blocked, id=7488, stack(0x0000004240300000,0x0000004240400000)]
  0x0000022fbdfa2800 JavaThread "Signal Dispatcher" daemon [_thread_blocked, id=8204, stack(0x0000004240400000,0x0000004240500000)]
  0x0000022fbdfa3800 JavaThread "Attach Listener" daemon [_thread_blocked, id=6852, stack(0x0000004240500000,0x0000004240600000)]
=>0x0000022fbcdd2000 JavaThread "C2 CompilerThread0" daemon [_thread_in_native, id=304, stack(0x0000004240600000,0x0000004240700000)]
  0x0000022fbcdd4800 JavaThread "C1 CompilerThread0" daemon [_thread_blocked, id=13280, stack(0x0000004240700000,0x0000004240800000)]
  0x0000022fbcdda000 JavaThread "Sweeper thread" daemon [_thread_blocked, id=11944, stack(0x0000004240800000,0x0000004240900000)]
  0x0000022fbe0cb800 JavaThread "Common-Cleaner" daemon [_thread_blocked, id=11336, stack(0x0000004240900000,0x0000004240a00000)]
  0x0000022fbe204800 JavaThread "Service Thread" daemon [_thread_blocked, id=9900, stack(0x0000004240a00000,0x0000004240b00000)]
  0x0000022fbf123800 JavaThread "Active Thread: Equinox Container: 512cec58-7883-4810-a1d9-016d0f51536f" [_thread_blocked, id=10036, stack(0x0000004240d00000,0x0000004240e00000)]
  0x0000022fbf0cd000 JavaThread "Framework Event Dispatcher: Equinox Container: 512cec58-7883-4810-a1d9-016d0f51536f" daemon [_thread_blocked, id=12012, stack(0x0000004240e00000,0x0000004240f00000)]
  0x0000022fbf0c4000 JavaThread "Start Level: Equinox Container: 512cec58-7883-4810-a1d9-016d0f51536f" daemon [_thread_blocked, id=13316, stack(0x0000004240f00000,0x0000004241000000)]
  0x0000022fbf696800 JavaThread "Worker-JM" [_thread_blocked, id=5092, stack(0x0000004240c00000,0x0000004240d00000)]
  0x0000022fbf120800 JavaThread "Java indexing" daemon [_thread_blocked, id=2780, stack(0x0000004241600000,0x0000004241700000)]
  0x0000022fbe6fa000 JavaThread "Bundle File Closer" daemon [_thread_blocked, id=8916, stack(0x0000004241700000,0x0000004241800000)]
  0x0000022fbe3fb000 JavaThread "pool-1-thread-1" [_thread_blocked, id=9072, stack(0x0000004241a00000,0x0000004241b00000)]
  0x0000022fbe3f8000 JavaThread "Worker-5" [_thread_blocked, id=11932, stack(0x0000004241b00000,0x0000004241c00000)]
  0x0000022fc162f000 JavaThread "Java Debug Server" daemon [_thread_in_native, id=10784, stack(0x000000423fc00000,0x000000423fd00000)]
  0x0000022fc1631000 JavaThread "pool-2-thread-1" [_thread_in_native, id=11568, stack(0x000000423fe00000,0x000000423ff00000)]
  0x0000022fc1630800 JavaThread "RxSchedulerPurge-1" daemon [_thread_blocked, id=11268, stack(0x0000004241800000,0x0000004241900000)]
  0x0000022fc1635800 JavaThread "RxCachedWorkerPoolEvictor-1" daemon [_thread_blocked, id=408, stack(0x0000004241c00000,0x0000004241d00000)]
  0x0000022fc162f800 JavaThread "RxNewThreadScheduler-1" daemon [_thread_blocked, id=4120, stack(0x0000004241d00000,0x0000004241e00000)]
  0x0000022fc163a000 JavaThread "Packet Receive Manager" daemon [_thread_in_native, id=652, stack(0x0000004241e00000,0x0000004241f00000)]
  0x0000022fc1638000 JavaThread "Packet Send Manager" daemon [_thread_blocked, id=12608, stack(0x0000004241f00000,0x0000004242000000)]
  0x0000022fc163c000 JavaThread "Debuggee Stdout Handler" daemon [_thread_in_native, id=13480, stack(0x0000004242000000,0x0000004242100000)]
  0x0000022fc1636000 JavaThread "Debuggee Stderr Handler" daemon [_thread_in_native, id=508, stack(0x0000004242100000,0x0000004242200000)]
  0x0000022fc1639800 JavaThread "Event Hub" daemon [_thread_blocked, id=12020, stack(0x0000004242200000,0x0000004242300000)]
  0x0000022fc163c800 JavaThread "RxNewThreadScheduler-2" daemon [_thread_blocked, id=14172, stack(0x0000004242300000,0x0000004242400000)]
  0x0000022fbe3f8800 JavaThread "ForkJoinPool.commonPool-worker-3" daemon [_thread_in_Java, id=12464, stack(0x0000004242400000,0x0000004242500000)]
  0x0000022fbe3f7000 JavaThread "Worker-16" [_thread_blocked, id=13684, stack(0x000000423fd00000,0x000000423fe00000)]
  0x0000022fbe3f9800 JavaThread "ForkJoinPool.commonPool-worker-7" daemon [_thread_in_Java, id=8500, stack(0x0000004241300000,0x0000004241400000)]
  0x0000022fbe3fa000 JavaThread "ForkJoinPool.commonPool-worker-1" daemon [_thread_in_Java, id=11384, stack(0x0000004241400000,0x0000004241500000)]
  0x0000022fc1632000 JavaThread "Worker-18: Publish Diagnostics" [_thread_in_Java, id=12172, stack(0x0000004241500000,0x0000004241600000)]
  0x0000022fc1638800 JavaThread "Worker-19" [_thread_blocked, id=4960, stack(0x0000004242600000,0x0000004242700000)]
  0x0000022fa1065000 JavaThread "C2 CompilerThread1" daemon [_thread_in_native, id=12384, stack(0x0000004241900000,0x0000004241a00000)]

Other Threads:
  0x0000022fbcdaf800 VMThread "VM Thread" [stack: 0x0000004240100000,0x0000004240200000] [id=404]
  0x0000022fbe169000 WatcherThread [stack: 0x0000004240b00000,0x0000004240c00000] [id=11668]
  0x0000022fa11b8800 GCTaskThread "ParGC Thread#0" [stack: 0x0000004240000000,0x0000004240100000] [id=7528]
  0x0000022fbe864800 GCTaskThread "ParGC Thread#1" [stack: 0x0000004241000000,0x0000004241100000] [id=4164]
  0x0000022fbe869800 GCTaskThread "ParGC Thread#2" [stack: 0x0000004241100000,0x0000004241200000] [id=10044]
  0x0000022fbe86a000 GCTaskThread "ParGC Thread#3" [stack: 0x0000004241200000,0x0000004241300000] [id=2596]

Threads with active compile tasks:
C2 CompilerThread021209       4       org.eclipse.jdt.internal.compiler.lookup.PackageBinding::getTypeOrPackage (368 bytes)
C2 CompilerThread121225   !   4       org.eclipse.jdt.core.dom.ASTConverter::setModifiers (438 bytes)

VM state:not at safepoint (normal execution)

VM Mutex/Monitor currently owned by a thread: None

Heap address: 0x00000000c0000000, size: 1024 MB, Compressed Oops mode: 32-bit
Narrow klass base: 0x0000000000000000, Narrow klass shift: 3
Compressed class space size: 1073741824 Address: 0x0000000100000000

Heap:
 PSYoungGen      total 14336K, used 3719K [0x00000000eab00000, 0x00000000ebc80000, 0x0000000100000000)
  eden space 13312K, 23% used [0x00000000eab00000,0x00000000eae07368,0x00000000eb800000)
  from space 1024K, 60% used [0x00000000eb800000,0x00000000eb89a8d8,0x00000000eb900000)
  to   space 1024K, 0% used [0x00000000ebb80000,0x00000000ebb80000,0x00000000ebc80000)
 ParOldGen       total 117248K, used 85721K [0x00000000c0000000, 0x00000000c7280000, 0x00000000eab00000)
  object space 117248K, 73% used [0x00000000c0000000,0x00000000c53b64e0,0x00000000c7280000)
 Metaspace       used 79556K, capacity 82635K, committed 83224K, reserved 1124352K
  class space    used 7177K, capacity 8412K, committed 8576K, reserved 1048576K

Card table byte_map: [0x0000022fb9e80000,0x0000022fba090000] _byte_map_base: 0x0000022fb9880000

Marking Bits: (ParMarkBitMap*) 0x00007ffd6502dc00
 Begin Bits: [0x0000022fba1f0000, 0x0000022fbb1f0000)
 End Bits:   [0x0000022fbb1f0000, 0x0000022fbc1f0000)

Polling page: 0x0000022fa2a20000

Metaspace:

Usage:
  Non-class:     72.48 MB capacity,    70.68 MB ( 98%) used,     1.64 MB (  2%) free+waste,   161.81 KB ( <1%) overhead. 
      Class:      8.21 MB capacity,     7.01 MB ( 85%) used,     1.14 MB ( 14%) free+waste,    66.81 KB ( <1%) overhead. 
       Both:     80.70 MB capacity,    77.69 MB ( 96%) used,     2.78 MB (  3%) free+waste,   228.63 KB ( <1%) overhead. 

Virtual space:
  Non-class space:       74.00 MB reserved,      72.90 MB ( 99%) committed 
      Class space:        1.00 GB reserved,       8.38 MB ( <1%) committed 
             Both:        1.07 GB reserved,      81.27 MB (  7%) committed 

Chunk freelists:
   Non-Class:  29.13 KB
       Class:  12.50 KB
        Both:  41.63 KB

CodeHeap 'non-profiled nmethods': size=120064Kb used=19217Kb max_used=20037Kb free=100846Kb
 bounds [0x0000022fb2750000, 0x0000022fb3b20000, 0x0000022fb9c90000]
CodeHeap 'profiled nmethods': size=120000Kb used=36393Kb max_used=38580Kb free=83606Kb
 bounds [0x0000022fab220000, 0x0000022fad840000, 0x0000022fb2750000]
CodeHeap 'non-nmethods': size=5696Kb used=1296Kb max_used=1372Kb free=4399Kb
 bounds [0x0000022faac90000, 0x0000022faaf00000, 0x0000022fab220000]
 total_blobs=30045 nmethods=15585 adapters=614
 compilation: enabled
              stopped_count=0, restarted_count=0
 full_count=0

Compilation events (10 events):
Event: 17727.621 Thread 0x0000022fbcdd4800 21218       3       org.eclipse.jdt.ls.core.internal.corext.dom.fragments.SimpleExpressionFragment::getAssociatedExpression (8 bytes)
Event: 17727.622 Thread 0x0000022fbcdd4800 nmethod 21218 0x0000022fac560c90 code [0x0000022fac560e40, 0x0000022fac561118]
Event: 17728.045 Thread 0x0000022fbcdd4800 21219       3       org.eclipse.jdt.internal.corext.dom.Selection::coveredBy (30 bytes)
Event: 17728.046 Thread 0x0000022fbcdd4800 nmethod 21219 0x0000022fac56e190 code [0x0000022fac56e340, 0x0000022fac56e578]
Event: 17728.049 Thread 0x0000022fbcdd4800 21220       3       org.eclipse.jdt.internal.corext.refactoring.rename.TempOccurrenceAnalyzer::visit (78 bytes)
Event: 17728.051 Thread 0x0000022fbcdd4800 nmethod 21220 0x0000022fac9c4c10 code [0x0000022fac9c4e40, 0x0000022fac9c56a0]
Event: 17728.051 Thread 0x0000022fbcdd4800 21221       1       org.eclipse.jdt.core.dom.ASTVisitor::endVisit (1 bytes)
Event: 17728.051 Thread 0x0000022fbcdd4800 nmethod 21221 0x0000022fb3066590 code [0x0000022fb3066740, 0x0000022fb3066858]
Event: 17728.059 Thread 0x0000022fbcdd4800 21222       3       org.eclipse.jdt.core.dom.rewrite.ASTRewrite::getRootNode (217 bytes)
Event: 17728.062 Thread 0x0000022fbcdd4800 nmethod 21222 0x0000022facb29c10 code [0x0000022facb29e80, 0x0000022facb2ab90]

GC Heap History (10 events):
Event: 17727.580 GC heap after
{Heap after GC invocations=954 (full 33):
 PSYoungGen      total 9728K, used 1002K [0x00000000eab00000, 0x00000000eb880000, 0x0000000100000000)
  eden space 8704K, 0% used [0x00000000eab00000,0x00000000eab00000,0x00000000eb380000)
  from space 1024K, 97% used [0x00000000eb600000,0x00000000eb6fa8d8,0x00000000eb700000)
  to   space 1536K, 0% used [0x00000000eb700000,0x00000000eb700000,0x00000000eb880000)
 ParOldGen       total 117248K, used 110889K [0x00000000c0000000, 0x00000000c7280000, 0x00000000eab00000)
  object space 117248K, 94% used [0x00000000c0000000,0x00000000c6c4a6d0,0x00000000c7280000)
 Metaspace       used 79434K, capacity 82505K, committed 82968K, reserved 1124352K
  class space    used 7163K, capacity 8412K, committed 8576K, reserved 1048576K
}
Event: 17727.653 GC heap before
{Heap before GC invocations=955 (full 33):
 PSYoungGen      total 9728K, used 9706K [0x00000000eab00000, 0x00000000eb880000, 0x0000000100000000)
  eden space 8704K, 100% used [0x00000000eab00000,0x00000000eb380000,0x00000000eb380000)
  from space 1024K, 97% used [0x00000000eb600000,0x00000000eb6fa8d8,0x00000000eb700000)
  to   space 1536K, 0% used [0x00000000eb700000,0x00000000eb700000,0x00000000eb880000)
 ParOldGen       total 117248K, used 110889K [0x00000000c0000000, 0x00000000c7280000, 0x00000000eab00000)
  object space 117248K, 94% used [0x00000000c0000000,0x00000000c6c4a6d0,0x00000000c7280000)
 Metaspace       used 79493K, capacity 82569K, committed 82968K, reserved 1124352K
  class space    used 7169K, capacity 8412K, committed 8576K, reserved 1048576K
}
Event: 17727.662 GC heap after
{Heap after GC invocations=955 (full 33):
 PSYoungGen      total 8192K, used 1518K [0x00000000eab00000, 0x00000000ebe80000, 0x0000000100000000)
  eden space 6656K, 0% used [0x00000000eab00000,0x00000000eab00000,0x00000000eb180000)
  from space 1536K, 98% used [0x00000000eb700000,0x00000000eb87b8d8,0x00000000eb880000)
  to   space 5632K, 0% used [0x00000000eb180000,0x00000000eb180000,0x00000000eb700000)
 ParOldGen       total 117248K, used 113911K [0x00000000c0000000, 0x00000000c7280000, 0x00000000eab00000)
  object space 117248K, 97% used [0x00000000c0000000,0x00000000c6f3df98,0x00000000c7280000)
 Metaspace       used 79493K, capacity 82569K, committed 82968K, reserved 1124352K
  class space    used 7169K, capacity 8412K, committed 8576K, reserved 1048576K
}
Event: 17727.662 GC heap before
{Heap before GC invocations=956 (full 34):
 PSYoungGen      total 8192K, used 1518K [0x00000000eab00000, 0x00000000ebe80000, 0x0000000100000000)
  eden space 6656K, 0% used [0x00000000eab00000,0x00000000eab00000,0x00000000eb180000)
  from space 1536K, 98% used [0x00000000eb700000,0x00000000eb87b8d8,0x00000000eb880000)
  to   space 5632K, 0% used [0x00000000eb180000,0x00000000eb180000,0x00000000eb700000)
 ParOldGen       total 117248K, used 113911K [0x00000000c0000000, 0x00000000c7280000, 0x00000000eab00000)
  object space 117248K, 97% used [0x00000000c0000000,0x00000000c6f3df98,0x00000000c7280000)
 Metaspace       used 79493K, capacity 82569K, committed 82968K, reserved 1124352K
  class space    used 7169K, capacity 8412K, committed 8576K, reserved 1048576K
}
Event: 17728.034 GC heap after
{Heap after GC invocations=956 (full 34):
 PSYoungGen      total 12288K, used 0K [0x00000000eab00000, 0x00000000ebc80000, 0x0000000100000000)
  eden space 6656K, 0% used [0x00000000eab00000,0x00000000eab00000,0x00000000eb180000)
  from space 5632K, 0% used [0x00000000eb180000,0x00000000eb180000,0x00000000eb700000)
  to   space 5632K, 0% used [0x00000000eb700000,0x00000000eb700000,0x00000000ebc80000)
 ParOldGen       total 117248K, used 80361K [0x00000000c0000000, 0x00000000c7280000, 0x00000000eab00000)
  object space 117248K, 68% used [0x00000000c0000000,0x00000000c4e7a710,0x00000000c7280000)
 Metaspace       used 79493K, capacity 82569K, committed 82968K, reserved 1124352K
  class space    used 7169K, capacity 8412K, committed 8576K, reserved 1048576K
}
Event: 17728.074 GC heap before
{Heap before GC invocations=957 (full 34):
 PSYoungGen      total 12288K, used 6656K [0x00000000eab00000, 0x00000000ebc80000, 0x0000000100000000)
  eden space 6656K, 100% used [0x00000000eab00000,0x00000000eb180000,0x00000000eb180000)
  from space 5632K, 0% used [0x00000000eb180000,0x00000000eb180000,0x00000000eb700000)
  to   space 5632K, 0% used [0x00000000eb700000,0x00000000eb700000,0x00000000ebc80000)
 ParOldGen       total 117248K, used 80361K [0x00000000c0000000, 0x00000000c7280000, 0x00000000eab00000)
  object space 117248K, 68% used [0x00000000c0000000,0x00000000c4e7a710,0x00000000c7280000)
 Metaspace       used 79545K, capacity 82633K, committed 83224K, reserved 1124352K
  class space    used 7177K, capacity 8412K, committed 8576K, reserved 1048576K
}
Event: 17728.080 GC heap after
{Heap after GC invocations=957 (full 34):
 PSYoungGen      total 8192K, used 1454K [0x00000000eab00000, 0x00000000eb880000, 0x0000000100000000)
  eden space 6656K, 0% used [0x00000000eab00000,0x00000000eab00000,0x00000000eb180000)
  from space 1536K, 94% used [0x00000000eb700000,0x00000000eb86bab0,0x00000000eb880000)
  to   space 3072K, 0% used [0x00000000eb280000,0x00000000eb280000,0x00000000eb580000)
 ParOldGen       total 117248K, used 80361K [0x00000000c0000000, 0x00000000c7280000, 0x00000000eab00000)
  object space 117248K, 68% used [0x00000000c0000000,0x00000000c4e7a710,0x00000000c7280000)
 Metaspace       used 79545K, capacity 82633K, committed 83224K, reserved 1124352K
  class space    used 7177K, capacity 8412K, committed 8576K, reserved 1048576K
}
Event: 17728.106 GC heap before
{Heap before GC invocations=958 (full 34):
 PSYoungGen      total 8192K, used 8110K [0x00000000eab00000, 0x00000000eb880000, 0x0000000100000000)
  eden space 6656K, 100% used [0x00000000eab00000,0x00000000eb180000,0x00000000eb180000)
  from space 1536K, 94% used [0x00000000eb700000,0x00000000eb86bab0,0x00000000eb880000)
  to   space 3072K, 0% used [0x00000000eb280000,0x00000000eb280000,0x00000000eb580000)
 ParOldGen       total 117248K, used 80361K [0x00000000c0000000, 0x00000000c7280000, 0x00000000eab00000)
  object space 117248K, 68% used [0x00000000c0000000,0x00000000c4e7a710,0x00000000c7280000)
 Metaspace       used 79545K, capacity 82633K, committed 83224K, reserved 1124352K
  class space    used 7177K, capacity 8412K, committed 8576K, reserved 1048576K
}
Event: 17728.113 GC heap after
{Heap after GC invocations=958 (full 34):
 PSYoungGen      total 9728K, used 1184K [0x00000000eab00000, 0x00000000eb780000, 0x0000000100000000)
  eden space 6656K, 0% used [0x00000000eab00000,0x00000000eab00000,0x00000000eb180000)
  from space 3072K, 38% used [0x00000000eb280000,0x00000000eb3a8000,0x00000000eb580000)
  to   space 1536K, 0% used [0x00000000eb600000,0x00000000eb600000,0x00000000eb780000)
 ParOldGen       total 117248K, used 81762K [0x00000000c0000000, 0x00000000c7280000, 0x00000000eab00000)
  object space 117248K, 69% used [0x00000000c0000000,0x00000000c4fd89d0,0x00000000c7280000)
 Metaspace       used 79545K, capacity 82633K, committed 83224K, reserved 1124352K
  class space    used 7177K, capacity 8412K, committed 8576K, reserved 1048576K
}
Event: 17728.139 GC heap before
{Heap before GC invocations=959 (full 34):
 PSYoungGen      total 9728K, used 7840K [0x00000000eab00000, 0x00000000eb780000, 0x0000000100000000)
  eden space 6656K, 100% used [0x00000000eab00000,0x00000000eb180000,0x00000000eb180000)
  from space 3072K, 38% used [0x00000000eb280000,0x00000000eb3a8000,0x00000000eb580000)
  to   space 1536K, 0% used [0x00000000eb600000,0x00000000eb600000,0x00000000eb780000)
 ParOldGen       total 117248K, used 81762K [0x00000000c0000000, 0x00000000c7280000, 0x00000000eab00000)
  object space 117248K, 69% used [0x00000000c0000000,0x00000000c4fd89d0,0x00000000c7280000)
 Metaspace       used 79545K, capacity 82633K, committed 83224K, reserved 1124352K
  class space    used 7177K, capacity 8412K, committed 8576K, reserved 1048576K
}

Deoptimization events (10 events):
Event: 17726.273 Thread 0x0000022fbe3f9800 Uncommon trap: reason=unstable_if action=reinterpret pc=0x0000022fb38cac90 method=org.eclipse.jdt.internal.codeassist.CompletionEngine.acceptTypes(Lorg/eclipse/jdt/internal/compiler/lookup/Scope;)V @ 512 c2
Event: 17726.273 Thread 0x0000022fbe3f9800 Uncommon trap: reason=class_check action=maybe_recompile pc=0x0000022fb293bae4 method=org.eclipse.jdt.internal.codeassist.CompletionEngine.computeRelevanceForExpectingType([C[C)I @ 18 c2
Event: 17726.302 Thread 0x0000022fbe3f9800 Uncommon trap: reason=unstable_if action=reinterpret pc=0x0000022fb370ed88 method=org.eclipse.jdt.core.Signature.appendClassTypeSignature([CIZLjava/lang/StringBuffer;)I @ 274 c2
Event: 17726.353 Thread 0x0000022fbe3f9800 Uncommon trap: reason=class_check action=maybe_recompile pc=0x0000022fb3200638 method=org.eclipse.jdt.internal.codeassist.CompletionEngine.computeRelevanceForExpectingType([C[C)I @ 34 c2
Event: 17726.356 Thread 0x0000022fbe3f9800 Uncommon trap: reason=class_check action=maybe_recompile pc=0x0000022fb3200638 method=org.eclipse.jdt.internal.codeassist.CompletionEngine.computeRelevanceForExpectingType([C[C)I @ 34 c2
Event: 17726.364 Thread 0x0000022fbe3f9800 Uncommon trap: reason=profile_predicate action=maybe_recompile pc=0x0000022fb3108394 method=java.util.TimSort.gallopRight(Ljava/lang/Object;[Ljava/lang/Object;IIILjava/util/Comparator;)I @ 151 c2
Event: 17726.364 Thread 0x0000022fbe3f9800 Uncommon trap: reason=profile_predicate action=maybe_recompile pc=0x0000022fb3108394 method=java.util.TimSort.gallopRight(Ljava/lang/Object;[Ljava/lang/Object;IIILjava/util/Comparator;)I @ 151 c2
Event: 17726.365 Thread 0x0000022fbe3f9800 Uncommon trap: reason=profile_predicate action=maybe_recompile pc=0x0000022fb3108394 method=java.util.TimSort.gallopRight(Ljava/lang/Object;[Ljava/lang/Object;IIILjava/util/Comparator;)I @ 151 c2
Event: 17726.365 Thread 0x0000022fbe3f9800 Uncommon trap: reason=profile_predicate action=maybe_recompile pc=0x0000022fb3108394 method=java.util.TimSort.gallopRight(Ljava/lang/Object;[Ljava/lang/Object;IIILjava/util/Comparator;)I @ 151 c2
Event: 17728.057 Thread 0x0000022fbe3fa000 Uncommon trap: reason=unstable_if action=reinterpret pc=0x0000022fb2d7e6d4 method=org.eclipse.jdt.core.dom.DefaultBindingResolver.resolveExpressionType(Lorg/eclipse/jdt/core/dom/Expression;)Lorg/eclipse/jdt/core/dom/ITypeBinding; @ 4 c2

Classes redefined (0 events):
No events

Internal exceptions (10 events):
Event: 17657.082 Thread 0x0000022fbe3f8800 Exception <a 'java/lang/ClassNotFoundException'{0x00000000eaf20eb0}: sun/net/www/protocol/jdt/Handler> (0x00000000eaf20eb0) thrown at [t:/workspace/open/src/hotspot/share/classfile/systemDictionary.cpp, line 231]
Event: 17706.531 Thread 0x0000022fbe3f8800 Exception <a 'java/lang/ArrayIndexOutOfBoundsException'{0x00000000eb4f0a88}> (0x00000000eb4f0a88) thrown at [t:/workspace/open/src/hotspot/share/runtime/sharedRuntime.cpp, line 584]
Event: 17706.970 Thread 0x0000022fbe3f8800 Exception <a 'java/lang/ArrayIndexOutOfBoundsException'{0x00000000eb39ebd0}> (0x00000000eb39ebd0) thrown at [t:/workspace/open/src/hotspot/share/runtime/sharedRuntime.cpp, line 584]
Event: 17707.199 Thread 0x0000022fbe3f9800 Exception <a 'java/lang/ArrayIndexOutOfBoundsException'{0x00000000eae5ce50}> (0x00000000eae5ce50) thrown at [t:/workspace/open/src/hotspot/share/runtime/sharedRuntime.cpp, line 584]
Event: 17707.425 Thread 0x0000022fbe3f9800 Exception <a 'java/lang/ArrayIndexOutOfBoundsException'{0x00000000eac09940}> (0x00000000eac09940) thrown at [t:/workspace/open/src/hotspot/share/runtime/sharedRuntime.cpp, line 584]
Event: 17709.094 Thread 0x0000022fbe3f9800 Implicit null exception at 0x0000022fb3470f1a to 0x0000022fb3471376
Event: 17709.534 Thread 0x0000022fbe3f8800 Implicit null exception at 0x0000022fb3992b86 to 0x0000022fb399392a
Event: 17709.706 Thread 0x0000022fc1632000 Implicit null exception at 0x0000022fb333f28c to 0x0000022fb33405da
Event: 17709.708 Thread 0x0000022fc1632000 Implicit null exception at 0x0000022fb36dfb29 to 0x0000022fb36e094e
Event: 17714.041 Thread 0x0000022fbe3f9800 Implicit null exception at 0x0000022fb2b94cd6 to 0x0000022fb2b953c1

Events (10 events):
Event: 17727.652 Executing VM operation: ParallelGCFailedAllocation
Event: 17728.034 Executing VM operation: ParallelGCFailedAllocation done
Event: 17728.057 Thread 0x0000022fbe3fa000 Uncommon trap: trap_request=0xffffff4d fr.pc=0x0000022fb2d7e6d4 relative=0x0000000000000374
Event: 17728.057 Thread 0x0000022fbe3fa000 DEOPT PACKING pc=0x0000022fb2d7e6d4 sp=0x00000042414fe500
Event: 17728.057 Thread 0x0000022fbe3fa000 DEOPT UNPACKING pc=0x0000022faacb86af sp=0x00000042414fe470 mode 2
Event: 17728.072 Executing VM operation: ParallelGCFailedAllocation
Event: 17728.080 Executing VM operation: ParallelGCFailedAllocation done
Event: 17728.106 Executing VM operation: ParallelGCFailedAllocation
Event: 17728.113 Executing VM operation: ParallelGCFailedAllocation done
Event: 17728.139 Executing VM operation: ParallelGCFailedAllocation


Dynamic libraries:
0x00007ff766b90000 - 0x00007ff766bd7000 	E:\Program Files\Java\jdk-11.0.2\bin\java.exe
0x00007ffdadac0000 - 0x00007ffdadcb0000 	C:\Windows\SYSTEM32\ntdll.dll
0x00007ffdac360000 - 0x00007ffdac412000 	C:\Windows\System32\KERNEL32.DLL
0x00007ffdaaab0000 - 0x00007ffdaad53000 	C:\Windows\System32\KERNELBASE.dll
0x00007ffda8590000 - 0x00007ffda861f000 	C:\Windows\SYSTEM32\apphelp.dll
0x00007ffdad510000 - 0x00007ffdad5b3000 	C:\Windows\System32\ADVAPI32.dll
0x00007ffdad470000 - 0x00007ffdad50e000 	C:\Windows\System32\msvcrt.dll
0x00007ffdad710000 - 0x00007ffdad7a7000 	C:\Windows\System32\sechost.dll
0x00007ffdad820000 - 0x00007ffdad940000 	C:\Windows\System32\RPCRT4.dll
0x00007ffdacbb0000 - 0x00007ffdacd44000 	C:\Windows\System32\USER32.dll
0x00007ffdaad60000 - 0x00007ffdaad81000 	C:\Windows\System32\win32u.dll
0x00007ffdac4d0000 - 0x00007ffdac4f6000 	C:\Windows\System32\GDI32.dll
0x00007ffdab830000 - 0x00007ffdab9c4000 	C:\Windows\System32\gdi32full.dll
0x00007ffdaad90000 - 0x00007ffdaae2e000 	C:\Windows\System32\msvcp_win.dll
0x00007ffdaba50000 - 0x00007ffdabb4a000 	C:\Windows\System32\ucrtbase.dll
0x00007ffda9e90000 - 0x00007ffdaa115000 	C:\Windows\WinSxS\amd64_microsoft.windows.common-controls_6595b64144ccf1df_6.0.18362.778_none_e6c6b761130d4fb8\COMCTL32.dll
0x00007ffd9b700000 - 0x00007ffd9b70a000 	C:\Windows\SYSTEM32\VERSION.dll
0x00007ffdacd80000 - 0x00007ffdad0b6000 	C:\Windows\System32\combase.dll
0x00007ffdab9d0000 - 0x00007ffdaba50000 	C:\Windows\System32\bcryptPrimitives.dll
0x00007ffdacd50000 - 0x00007ffdacd7e000 	C:\Windows\System32\IMM32.DLL
0x00007ffd9fb50000 - 0x00007ffd9fb66000 	E:\Program Files\Java\jdk-11.0.2\bin\vcruntime140.dll
0x00007ffd8def0000 - 0x00007ffd8df9a000 	E:\Program Files\Java\jdk-11.0.2\bin\msvcp140.dll
0x00007ffd645c0000 - 0x00007ffd650e7000 	E:\Program Files\Java\jdk-11.0.2\bin\server\jvm.dll
0x00007ffdad7b0000 - 0x00007ffdad7b8000 	C:\Windows\System32\PSAPI.DLL
0x00007ffd8e6b0000 - 0x00007ffd8e6b9000 	C:\Windows\SYSTEM32\WSOCK32.dll
0x00007ffdad0c0000 - 0x00007ffdad12f000 	C:\Windows\System32\WS2_32.dll
0x00007ffda7d30000 - 0x00007ffda7d54000 	C:\Windows\SYSTEM32\WINMM.dll
0x00007ffda7d00000 - 0x00007ffda7d2d000 	C:\Windows\SYSTEM32\WINMMBASE.dll
0x00007ffdaae30000 - 0x00007ffdaae7a000 	C:\Windows\System32\cfgmgr32.dll
0x00007ffdaa9e0000 - 0x00007ffdaa9f1000 	C:\Windows\System32\kernel.appcore.dll
0x00007ffd9f0e0000 - 0x00007ffd9f0f1000 	E:\Program Files\Java\jdk-11.0.2\bin\verify.dll
0x00007ffdaa4a0000 - 0x00007ffdaa694000 	C:\Windows\SYSTEM32\DBGHELP.DLL
0x00007ffdaa3f0000 - 0x00007ffdaa41a000 	C:\Windows\SYSTEM32\dbgcore.DLL
0x00007ffd9c1b0000 - 0x00007ffd9c1d9000 	E:\Program Files\Java\jdk-11.0.2\bin\java.dll
0x00007ffd9c210000 - 0x00007ffd9c226000 	E:\Program Files\Java\jdk-11.0.2\bin\zip.dll
0x00007ffda7f40000 - 0x00007ffda7f4a000 	E:\Program Files\Java\jdk-11.0.2\bin\jimage.dll
0x00007ffdabbf0000 - 0x00007ffdac2d5000 	C:\Windows\System32\SHELL32.dll
0x00007ffdad3c0000 - 0x00007ffdad469000 	C:\Windows\System32\shcore.dll
0x00007ffdaae80000 - 0x00007ffdab600000 	C:\Windows\System32\windows.storage.dll
0x00007ffdaaa00000 - 0x00007ffdaaa23000 	C:\Windows\System32\profapi.dll
0x00007ffdaa990000 - 0x00007ffdaa9da000 	C:\Windows\System32\powrprof.dll
0x00007ffdaa980000 - 0x00007ffdaa990000 	C:\Windows\System32\UMPDC.dll
0x00007ffdad5c0000 - 0x00007ffdad612000 	C:\Windows\System32\shlwapi.dll
0x00007ffdabb50000 - 0x00007ffdabb67000 	C:\Windows\System32\cryptsp.dll
0x00007ffd9c190000 - 0x00007ffd9c1a9000 	E:\Program Files\Java\jdk-11.0.2\bin\net.dll
0x00007ffda0bf0000 - 0x00007ffda0ce0000 	C:\Windows\SYSTEM32\WINHTTP.dll
0x00007ffd9cfc0000 - 0x00007ffd9d195000 	C:\Windows\SYSTEM32\urlmon.dll
0x00007ffd9d2c0000 - 0x00007ffd9d566000 	C:\Windows\SYSTEM32\iertutil.dll
0x00007ffda9e10000 - 0x00007ffda9e1c000 	C:\Windows\SYSTEM32\CRYPTBASE.DLL
0x00007ffda9b70000 - 0x00007ffda9bd7000 	C:\Windows\system32\mswsock.dll
0x00007ffd9c170000 - 0x00007ffd9c183000 	E:\Program Files\Java\jdk-11.0.2\bin\nio.dll
0x00007ffda9680000 - 0x00007ffda96b3000 	C:\Windows\system32\rsaenh.dll
0x00007ffdab6b0000 - 0x00007ffdab6d6000 	C:\Windows\System32\bcrypt.dll
0x00007ffdaa870000 - 0x00007ffdaa895000 	C:\Windows\SYSTEM32\USERENV.dll
0x00007ffda9880000 - 0x00007ffda98ba000 	C:\Windows\SYSTEM32\IPHLPAPI.DLL
0x00007ffdac5d0000 - 0x00007ffdac5d8000 	C:\Windows\System32\NSI.dll
0x00007ffda0ff0000 - 0x00007ffda1006000 	C:\Windows\SYSTEM32\dhcpcsvc6.DLL
0x00007ffda0fd0000 - 0x00007ffda0fec000 	C:\Windows\SYSTEM32\dhcpcsvc.DLL
0x00007ffda9920000 - 0x00007ffda99ea000 	C:\Windows\SYSTEM32\DNSAPI.dll
0x00007ffd9c140000 - 0x00007ffd9c169000 	C:\Users\Jason\AppData\Roaming\Code\User\globalStorage\redhat.java\0.61.0\config_win\org.eclipse.equinox.launcher\org.eclipse.equinox.launcher.win32.win32.x86_64_1.1.1100.v20190907-0426\eclipse_1902.dll
0x00007ffd96930000 - 0x00007ffd96941000 	C:\Users\Jason\AppData\Roaming\Code\User\globalStorage\redhat.java\0.61.0\config_win\org.eclipse.osgi\20\0\.cp\jWinHttp-1.0.0.dll
0x00007ffdaca50000 - 0x00007ffdacba7000 	C:\Windows\System32\ole32.dll

dbghelp: loaded successfully - version: 4.0.5 - missing functions: none
symbol engine: initialized successfully - sym options: 0x614 - pdb path: .;E:\Program Files\Java\jdk-11.0.2\bin;C:\Windows\SYSTEM32;C:\Windows\WinSxS\amd64_microsoft.windows.common-controls_6595b64144ccf1df_6.0.18362.778_none_e6c6b761130d4fb8;E:\Program Files\Java\jdk-11.0.2\bin\server;C:\Users\Jason\AppData\Roaming\Code\User\globalStorage\redhat.java\0.61.0\config_win\org.eclipse.equinox.launcher\org.eclipse.equinox.launcher.win32.win32.x86_64_1.1.1100.v20190907-0426;C:\Users\Jason\AppData\Roaming\Code\User\globalStorage\redhat.java\0.61.0\config_win\org.eclipse.osgi\20\0\.cp

VM Arguments:
jvm_args: --add-modules=ALL-SYSTEM --add-opens=java.base/java.util=ALL-UNNAMED --add-opens=java.base/java.lang=ALL-UNNAMED -Declipse.application=org.eclipse.jdt.ls.core.id1 -Dosgi.bundles.defaultStartLevel=4 -Declipse.product=org.eclipse.jdt.ls.core.product -Dfile.encoding=utf8 -DwatchParentProcess=false -XX:+UseParallelGC -XX:GCTimeRatio=4 -XX:AdaptiveSizePolicyWeight=90 -Dsun.zip.disableMemoryMapping=true -Xmx1G -Xms100m -Xverify:none 
java_command: c:\Users\Jason\.vscode\extensions\redhat.java-0.61.0\server\plugins\org.eclipse.equinox.launcher_1.5.700.v20200207-2156.jar -configuration c:\Users\Jason\AppData\Roaming\Code\User\globalStorage\redhat.java\0.61.0\config_win -data c:\Users\Jason\AppData\Roaming\Code\User\workspaceStorage\ca3fac3ec1043214c3dfc7553fdb236d\redhat.java\jdt_ws
java_class_path (initial): c:\Users\Jason\.vscode\extensions\redhat.java-0.61.0\server\plugins\org.eclipse.equinox.launcher_1.5.700.v20200207-2156.jar
Launcher Type: SUN_STANDARD

[Global flags]
    uintx AdaptiveSizePolicyWeight                 = 90                                        {product} {command line}
     bool BytecodeVerificationLocal                = false                                     {product} {command line}
     bool BytecodeVerificationRemote               = false                                     {product} {command line}
     intx CICompilerCount                          = 3                                         {product} {ergonomic}
    uintx GCTimeRatio                              = 4                                         {product} {command line}
   size_t InitialHeapSize                          = 104857600                                 {product} {command line}
   size_t MaxHeapSize                              = 1073741824                                {product} {command line}
   size_t MaxNewSize                               = 357564416                                 {product} {ergonomic}
   size_t MinHeapDeltaBytes                        = 524288                                    {product} {ergonomic}
   size_t NewSize                                  = 34603008                                  {product} {ergonomic}
    uintx NonNMethodCodeHeapSize                   = 5830092                                {pd product} {ergonomic}
    uintx NonProfiledCodeHeapSize                  = 122914074                              {pd product} {ergonomic}
   size_t OldSize                                  = 70254592                                  {product} {ergonomic}
    uintx ProfiledCodeHeapSize                     = 122914074                              {pd product} {ergonomic}
    uintx ReservedCodeCacheSize                    = 251658240                              {pd product} {ergonomic}
     bool SegmentedCodeCache                       = true                                      {product} {ergonomic}
     bool UseCompressedClassPointers               = true                                 {lp64_product} {ergonomic}
     bool UseCompressedOops                        = true                                 {lp64_product} {ergonomic}
     bool UseLargePagesIndividualAllocation        = false                                  {pd product} {ergonomic}
     bool UseParallelGC                            = true                                      {product} {command line}

Logging:
Log output configuration:
 #0: stdout all=warning uptime,level,tags
 #1: stderr all=off uptime,level,tags

Environment Variables:
PATH=C:\Program Files (x86)\Common Files\Oracle\Java\javapath;C:\Program Files\Microsoft MPI\Bin\;C:\Windows\system32;C:\Windows;C:\Windows\System32\Wbem;C:\Windows\System32\WindowsPowerShell\v1.0\;C:\Windows\System32\OpenSSH\;E:\Program Files\nodejs\;E:\wamp64\bin\php\php7.2.25;E:\wamp64\bin\mysql\mysql5.7.28\bin;E:\wamp64\bin\mysql\mysql8.0.19\bin;E:\flutter\bin;E:\Users\Jason\AppData\Local\Android\Sdk\tools;E:\Users\Jason\AppData\Local\Android\Sdk\tools\bin;E:\Users\Jason\AppData\Local\Android\Sdk\platform-tools;e:\composer;E:\Program Files\Apache Software Foundation\apache-maven-3.6.3\bin;C:\Program Files\dotnet\;C:\Program Files\Microsoft SQL Server\130\Tools\Binn\;C:\Program Files\Microsoft SQL Server\Client SDK\ODBC\170\Tools\Binn\;C:\Program Files (x86)\Microsoft SQL Server\150\DTS\Binn\;C:\Program Files (x86)\Microsoft SQL Server\110\DTS\Binn\;C:\Program Files (x86)\Microsoft SQL Server\120\DTS\Binn\;C:\Program Files (x86)\Microsoft SQL Server\130\DTS\Binn\;C:\Program Files (x86)\Microsoft SQL Server\140\DTS\Binn\;C:\Program Files (x86)\Microsoft SQL Server\150\Tools\Binn\;C:\Program Files\Microsoft SQL Server\150\Tools\Binn\;C:\Program Files\Microsoft SQL Server\150\DTS\Binn\;E:\Program Files\Git\cmd;E:\Program Files\Java\jdk-11.0.2\bin;E:\Program Files\Java\jdk-12.0.1\bin;E:\Program Files\Java\jdk-13.0.2\bin;C:\Users\Jason\AppData\Local\Microsoft\WindowsApps;E:\Users\Jason\AppData\Local\Programs\Microsoft VS Code\bin;C:\Users\Jason\AppData\Roaming\npm;C:\Users\Jason\AppData\Roaming\Composer\vendor\bin;C:\Users\Jason\.dotnet\tools
USERNAME=Jason
OS=Windows_NT
PROCESSOR_IDENTIFIER=Intel64 Family 6 Model 42 Stepping 7, GenuineIntel



---------------  S Y S T E M  ---------------

OS: Windows 10 , 64 bit Build 18362 (10.0.18362.778)

CPU:total 4 (initial active 4) (2 cores per cpu, 2 threads per core) family 6 model 42 stepping 7, cmov, cx8, fxsr, mmx, sse, sse2, sse3, ssse3, sse4.1, sse4.2, popcnt, avx, clmul, ht, tsc, tscinvbit

Memory: 4k page, system-wide physical 5995M (541M free)
TotalPageFile size 10603M (AvailPageFile size 2730M)
current process WorkingSet (physical memory assigned to process): 370M, peak: 407M
current process commit charge ("private bytes"): 418M, peak: 468M

vm_info: Java HotSpot(TM) 64-Bit Server VM (11.0.2+9-LTS) for windows-amd64 JRE (11.0.2+9-LTS), built on Jan 18 2019 05:24:10 by "mach5one" with MS VC++ 15.5 (VS2017)

END.
